{"D:\\Projects\\getir-bi-mutluluk\\src\\app.js": {"path":"D:\\Projects\\getir-bi-mutluluk\\src\\app.js","statementMap":{"0":{"start":{"line":1,"column":16},"end":{"line":1,"column":34}},"1":{"start":{"line":2,"column":17},"end":{"line":2,"column":36}},"2":{"start":{"line":3,"column":15},"end":{"line":3,"column":34}},"3":{"start":{"line":5,"column":37},"end":{"line":5,"column":43}},"4":{"start":{"line":6,"column":25},"end":{"line":6,"column":60}},"5":{"start":{"line":8,"column":0},"end":{"line":8,"column":61}},"6":{"start":{"line":9,"column":19},"end":{"line":9,"column":38}},"7":{"start":{"line":10,"column":0},"end":{"line":12,"column":1}},"8":{"start":{"line":11,"column":4},"end":{"line":11,"column":51}},"9":{"start":{"line":13,"column":12},"end":{"line":13,"column":21}},"10":{"start":{"line":15,"column":15},"end":{"line":15,"column":41}},"11":{"start":{"line":16,"column":0},"end":{"line":16,"column":29}},"12":{"start":{"line":17,"column":0},"end":{"line":17,"column":16}},"13":{"start":{"line":19,"column":0},"end":{"line":19,"column":21}}},"fnMap":{},"branchMap":{"0":{"loc":{"start":{"line":10,"column":0},"end":{"line":12,"column":1}},"type":"if","locations":[{"start":{"line":10,"column":0},"end":{"line":12,"column":1}},{"start":{"line":10,"column":0},"end":{"line":12,"column":1}}],"line":10}},"s":{"0":1,"1":1,"2":1,"3":1,"4":1,"5":1,"6":1,"7":1,"8":0,"9":1,"10":1,"11":1,"12":1,"13":1},"f":{},"b":{"0":[0,1]},"_coverageSchema":"43e27e138ebf9cfc5966b082cf9a028302ed4184","hash":"9c6f831ec2fb0dd24ff2a42acd6606bce62faa79"}
,"D:\\Projects\\getir-bi-mutluluk\\src\\config\\dev.js": {"path":"D:\\Projects\\getir-bi-mutluluk\\src\\config\\dev.js","statementMap":{"0":{"start":{"line":2,"column":15},"end":{"line":8,"column":1}},"1":{"start":{"line":10,"column":0},"end":{"line":10,"column":24}}},"fnMap":{},"branchMap":{},"s":{"0":1,"1":1},"f":{},"b":{},"_coverageSchema":"43e27e138ebf9cfc5966b082cf9a028302ed4184","hash":"5b0f3613b3976e28af5ff49ac9543a253ef195d8"}
,"D:\\Projects\\getir-bi-mutluluk\\src\\config\\index.js": {"path":"D:\\Projects\\getir-bi-mutluluk\\src\\config\\index.js","statementMap":{"0":{"start":{"line":1,"column":10},"end":{"line":1,"column":27}},"1":{"start":{"line":3,"column":15},"end":{"line":7,"column":1}},"2":{"start":{"line":10,"column":0},"end":{"line":10,"column":64}},"3":{"start":{"line":11,"column":0},"end":{"line":11,"column":37}},"4":{"start":{"line":14,"column":0},"end":{"line":19,"column":1}},"5":{"start":{"line":15,"column":4},"end":{"line":15,"column":51}},"6":{"start":{"line":16,"column":4},"end":{"line":16,"column":48}},"7":{"start":{"line":18,"column":4},"end":{"line":18,"column":27}},"8":{"start":{"line":20,"column":0},"end":{"line":20,"column":52}}},"fnMap":{},"branchMap":{"0":{"loc":{"start":{"line":6,"column":8},"end":{"line":6,"column":32}},"type":"binary-expr","locations":[{"start":{"line":6,"column":8},"end":{"line":6,"column":24}},{"start":{"line":6,"column":28},"end":{"line":6,"column":32}}],"line":6},"1":{"loc":{"start":{"line":10,"column":26},"end":{"line":10,"column":63}},"type":"binary-expr","locations":[{"start":{"line":10,"column":26},"end":{"line":10,"column":49}},{"start":{"line":10,"column":53},"end":{"line":10,"column":63}}],"line":10},"2":{"loc":{"start":{"line":16,"column":24},"end":{"line":16,"column":47}},"type":"binary-expr","locations":[{"start":{"line":16,"column":24},"end":{"line":16,"column":41}},{"start":{"line":16,"column":45},"end":{"line":16,"column":47}}],"line":16}},"s":{"0":1,"1":1,"2":1,"3":1,"4":1,"5":1,"6":1,"7":0,"8":1},"f":{},"b":{"0":[1,0],"1":[1,0],"2":[1,0]},"_coverageSchema":"43e27e138ebf9cfc5966b082cf9a028302ed4184","hash":"7534caaf2b4cd4129ded90d67afcbda98f69fa1d"}
,"D:\\Projects\\getir-bi-mutluluk\\src\\controllers\\recordController.js": {"path":"D:\\Projects\\getir-bi-mutluluk\\src\\controllers\\recordController.js","statementMap":{"0":{"start":{"line":1,"column":21},"end":{"line":1,"column":48}},"1":{"start":{"line":2,"column":29},"end":{"line":2,"column":57}},"2":{"start":{"line":5,"column":0},"end":{"line":55,"column":2}},"3":{"start":{"line":8,"column":17},"end":{"line":8,"column":38}},"4":{"start":{"line":9,"column":2},"end":{"line":11,"column":3}},"5":{"start":{"line":10,"column":4},"end":{"line":10,"column":60}},"6":{"start":{"line":12,"column":2},"end":{"line":53,"column":3}},"7":{"start":{"line":16,"column":20},"end":{"line":16,"column":46}},"8":{"start":{"line":17,"column":22},"end":{"line":17,"column":50}},"9":{"start":{"line":18,"column":21},"end":{"line":18,"column":48}},"10":{"start":{"line":19,"column":21},"end":{"line":19,"column":48}},"11":{"start":{"line":21,"column":28},"end":{"line":32,"column":6}},"12":{"start":{"line":35,"column":26},"end":{"line":39,"column":7}},"13":{"start":{"line":35,"column":52},"end":{"line":39,"column":5}},"14":{"start":{"line":42,"column":19},"end":{"line":46,"column":5}},"15":{"start":{"line":48,"column":4},"end":{"line":48,"column":21}},"16":{"start":{"line":52,"column":6},"end":{"line":52,"column":15}}},"fnMap":{"0":{"name":"(anonymous_0)","decl":{"start":{"line":5,"column":21},"end":{"line":5,"column":22}},"loc":{"start":{"line":5,"column":47},"end":{"line":55,"column":1}},"line":5},"1":{"name":"(anonymous_1)","decl":{"start":{"line":35,"column":46},"end":{"line":35,"column":47}},"loc":{"start":{"line":35,"column":52},"end":{"line":39,"column":5}},"line":35}},"branchMap":{"0":{"loc":{"start":{"line":9,"column":2},"end":{"line":11,"column":3}},"type":"if","locations":[{"start":{"line":9,"column":2},"end":{"line":11,"column":3}},{"start":{"line":9,"column":2},"end":{"line":11,"column":3}}],"line":9}},"s":{"0":1,"1":1,"2":1,"3":2,"4":2,"5":1,"6":1,"7":1,"8":1,"9":1,"10":1,"11":1,"12":1,"13":1033,"14":1,"15":1,"16":0},"f":{"0":2,"1":1033},"b":{"0":[1,1]},"_coverageSchema":"43e27e138ebf9cfc5966b082cf9a028302ed4184","hash":"d32473b5c2548be3c0f702eefbb57193673932b4"}
,"D:\\Projects\\getir-bi-mutluluk\\src\\middleware\\index.js": {"path":"D:\\Projects\\getir-bi-mutluluk\\src\\middleware\\index.js","statementMap":{"0":{"start":{"line":2,"column":19},"end":{"line":2,"column":41}},"1":{"start":{"line":4,"column":0},"end":{"line":9,"column":1}},"2":{"start":{"line":6,"column":4},"end":{"line":6,"column":31}},"3":{"start":{"line":8,"column":4},"end":{"line":8,"column":55}}},"fnMap":{"0":{"name":"(anonymous_0)","decl":{"start":{"line":4,"column":16},"end":{"line":4,"column":17}},"loc":{"start":{"line":4,"column":23},"end":{"line":9,"column":1}},"line":4}},"branchMap":{},"s":{"0":1,"1":1,"2":1,"3":1},"f":{"0":1},"b":{},"_coverageSchema":"43e27e138ebf9cfc5966b082cf9a028302ed4184","hash":"4a4080a546c377d6b5be6879b285fc6f4240abfe"}
,"D:\\Projects\\getir-bi-mutluluk\\src\\models\\record.js": {"path":"D:\\Projects\\getir-bi-mutluluk\\src\\models\\record.js","statementMap":{"0":{"start":{"line":1,"column":15},"end":{"line":1,"column":34}},"1":{"start":{"line":2,"column":13},"end":{"line":2,"column":28}},"2":{"start":{"line":5,"column":22},"end":{"line":9,"column":4}},"3":{"start":{"line":11,"column":2},"end":{"line":11,"column":60}}},"fnMap":{},"branchMap":{},"s":{"0":1,"1":1,"2":1,"3":1},"f":{},"b":{},"_coverageSchema":"43e27e138ebf9cfc5966b082cf9a028302ed4184","hash":"be5ee65dcb9fbd850eaca778281821918050e91b"}
,"D:\\Projects\\getir-bi-mutluluk\\src\\routes\\record.js": {"path":"D:\\Projects\\getir-bi-mutluluk\\src\\routes\\record.js","statementMap":{"0":{"start":{"line":1,"column":14},"end":{"line":1,"column":32}},"1":{"start":{"line":2,"column":16},"end":{"line":2,"column":45}},"2":{"start":{"line":3,"column":13},"end":{"line":3,"column":29}},"3":{"start":{"line":4,"column":23},"end":{"line":4,"column":65}},"4":{"start":{"line":7,"column":0},"end":{"line":7,"column":87}},"5":{"start":{"line":9,"column":0},"end":{"line":9,"column":24}}},"fnMap":{},"branchMap":{},"s":{"0":1,"1":1,"2":1,"3":1,"4":1,"5":1},"f":{},"b":{},"_coverageSchema":"43e27e138ebf9cfc5966b082cf9a028302ed4184","hash":"a89f05683f8331816369e4f0669588ca7faa18a5"}
,"D:\\Projects\\getir-bi-mutluluk\\src\\validator\\index.js": {"path":"D:\\Projects\\getir-bi-mutluluk\\src\\validator\\index.js","statementMap":{"0":{"start":{"line":1,"column":18},"end":{"line":1,"column":46}},"1":{"start":{"line":3,"column":0},"end":{"line":10,"column":1}},"2":{"start":{"line":4,"column":4},"end":{"line":9,"column":5}}},"fnMap":{"0":{"name":"(anonymous_0)","decl":{"start":{"line":3,"column":29},"end":{"line":3,"column":30}},"loc":{"start":{"line":3,"column":35},"end":{"line":10,"column":1}},"line":3}},"branchMap":{},"s":{"0":1,"1":1,"2":1},"f":{"0":1},"b":{},"_coverageSchema":"43e27e138ebf9cfc5966b082cf9a028302ed4184","hash":"96125f207a0899ec8e730dc9379c5547161b336f"}
}
