TN:
SF:D:\Projects\getir-bi-mutluluk\src\app.js
FNF:0
FNH:0
DA:1,1
DA:2,1
DA:3,1
DA:5,1
DA:6,1
DA:8,1
DA:9,1
DA:10,1
DA:11,0
DA:13,1
DA:15,1
DA:16,1
DA:17,1
DA:19,1
LF:14
LH:13
BRDA:10,0,0,0
BRDA:10,0,1,1
BRF:2
BRH:1
end_of_record
TN:
SF:D:\Projects\getir-bi-mutluluk\src\config\dev.js
FNF:0
FNH:0
DA:2,1
DA:10,1
LF:2
LH:2
BRF:0
BRH:0
end_of_record
TN:
SF:D:\Projects\getir-bi-mutluluk\src\config\index.js
FNF:0
FNH:0
DA:1,1
DA:3,1
DA:10,1
DA:11,1
DA:14,1
DA:15,1
DA:16,1
DA:18,0
DA:20,1
LF:9
LH:8
BRDA:6,0,0,1
BRDA:6,0,1,0
BRDA:10,1,0,1
BRDA:10,1,1,0
BRDA:16,2,0,1
BRDA:16,2,1,0
BRF:6
BRH:3
end_of_record
TN:
SF:D:\Projects\getir-bi-mutluluk\src\controllers\recordController.js
FN:5,(anonymous_0)
FN:35,(anonymous_1)
FNF:2
FNH:2
FNDA:2,(anonymous_0)
FNDA:1033,(anonymous_1)
DA:1,1
DA:2,1
DA:5,1
DA:8,2
DA:9,2
DA:10,1
DA:12,1
DA:16,1
DA:17,1
DA:18,1
DA:19,1
DA:21,1
DA:35,1033
DA:42,1
DA:48,1
DA:52,0
LF:16
LH:15
BRDA:9,0,0,1
BRDA:9,0,1,1
BRF:2
BRH:2
end_of_record
TN:
SF:D:\Projects\getir-bi-mutluluk\src\middleware\index.js
FN:4,(anonymous_0)
FNF:1
FNH:1
FNDA:1,(anonymous_0)
DA:2,1
DA:4,1
DA:6,1
DA:8,1
LF:4
LH:4
BRF:0
BRH:0
end_of_record
TN:
SF:D:\Projects\getir-bi-mutluluk\src\models\record.js
FNF:0
FNH:0
DA:1,1
DA:2,1
DA:5,1
DA:11,1
LF:4
LH:4
BRF:0
BRH:0
end_of_record
TN:
SF:D:\Projects\getir-bi-mutluluk\src\routes\record.js
FNF:0
FNH:0
DA:1,1
DA:2,1
DA:3,1
DA:4,1
DA:7,1
DA:9,1
LF:6
LH:6
BRF:0
BRH:0
end_of_record
TN:
SF:D:\Projects\getir-bi-mutluluk\src\validator\index.js
FN:3,(anonymous_0)
FNF:1
FNH:1
FNDA:1,(anonymous_0)
DA:1,1
DA:3,1
DA:4,1
LF:3
LH:3
BRF:0
BRH:0
end_of_record
